# JRE version: OpenJDK Runtime Environment Temurin-17.0.6+10 (17.0.6+10) (build 17.0.6+10)
# Java VM: OpenJDK 64-Bit Server VM Temurin-17.0.6+10 (17.0.6+10, mixed mode, emulated-client, tiered, compressed oops, compressed class ptrs, g1 gc, windows-amd64)
GC Precious Log:
 CPUs: 4 total, 4 available
 Memory: 3783M
 Large Page Support: Disabled
 NUMA Support: Disabled
 Compressed Oops: Enabled (32-bit)
 Heap Region Size: 1M
 Heap Min Capacity: 8M
 Heap Initial Capacity: 60M
 Heap Max Capacity: 946M
 Pre-touch: Disabled
 Parallel Workers: 4
 Concurrent Workers: 1
 Concurrent Refinement Workers: 4
 Periodic GC: Disabled
Heap:
 garbage-first heap   total 49152K, used 25548K [0x00000000c4e00000, 0x0000000100000000)
  region size 1024K, 8 young (8192K), 3 survivors (3072K)
 Metaspace       used 55452K, committed 55936K, reserved 1097728K
  class space    used 7218K, committed 7488K, reserved 1048576K
GC Heap History (20 events):
Event: 2.571 GC heap before
{Heap before GC invocations=3 (full 0):
 garbage-first heap   total 61440K, used 12344K [0x00000000c4e00000, 0x0000000100000000)
  region size 1024K, 7 young (7168K), 3 survivors (3072K)
 Metaspace       used 21263K, committed 21504K, reserved 1073152K
  class space    used 2469K, committed 2560K, reserved 1048576K
}
Event: 2.576 GC heap after
{Heap after GC invocations=4 (full 0):
 garbage-first heap   total 61440K, used 9551K [0x00000000c4e00000, 0x0000000100000000)
  region size 1024K, 2 young (2048K), 2 survivors (2048K)
 Metaspace       used 21263K, committed 21504K, reserved 1073152K
  class space    used 2469K, committed 2560K, reserved 1048576K
}
Event: 3.088 GC heap before
{Heap before GC invocations=5 (full 0):
 garbage-first heap   total 40960K, used 31055K [0x00000000c4e00000, 0x0000000100000000)
  region size 1024K, 25 young (25600K), 2 survivors (2048K)
 Metaspace       used 26586K, committed 26816K, reserved 1073152K
  class space    used 3172K, committed 3264K, reserved 1048576K
}
Event: 3.094 GC heap after
{Heap after GC invocations=6 (full 0):
 garbage-first heap   total 40960K, used 10797K [0x00000000c4e00000, 0x0000000100000000)
  region size 1024K, 3 young (3072K), 3 survivors (3072K)
 Metaspace       used 26586K, committed 26816K, reserved 1073152K
  class space    used 3172K, committed 3264K, reserved 1048576K
}
Event: 3.462 GC heap before
{Heap before GC invocations=6 (full 0):
 garbage-first heap   total 40960K, used 27181K [0x00000000c4e00000, 0x0000000100000000)
  region size 1024K, 20 young (20480K), 3 survivors (3072K)
 Metaspace       used 28828K, committed 29056K, reserved 1081344K
  class space    used 3460K, committed 3584K, reserved 1048576K
}
Event: 3.471 GC heap after
{Heap after GC invocations=7 (full 0):
 garbage-first heap   total 40960K, used 12918K [0x00000000c4e00000, 0x0000000100000000)
  region size 1024K, 3 young (3072K), 3 survivors (3072K)
 Metaspace       used 28828K, committed 29056K, reserved 1081344K
  class space    used 3460K, committed 3584K, reserved 1048576K
}
Event: 4.237 GC heap before
{Heap before GC invocations=7 (full 0):
 garbage-first heap   total 40960K, used 27254K [0x00000000c4e00000, 0x0000000100000000)
  region size 1024K, 18 young (18432K), 3 survivors (3072K)
 Metaspace       used 30518K, committed 30848K, reserved 1081344K
  class space    used 3715K, committed 3840K, reserved 1048576K
}
Event: 4.257 GC heap after
{Heap after GC invocations=8 (full 0):
 garbage-first heap   total 40960K, used 13900K [0x00000000c4e00000, 0x0000000100000000)
  region size 1024K, 2 young (2048K), 2 survivors (2048K)
 Metaspace       used 30518K, committed 30848K, reserved 1081344K
  class space    used 3715K, committed 3840K, reserved 1048576K
}
Event: 4.948 GC heap before
{Heap before GC invocations=8 (full 0):
 garbage-first heap   total 40960K, used 29260K [0x00000000c4e00000, 0x0000000100000000)
  region size 1024K, 17 young (17408K), 2 survivors (2048K)
 Metaspace       used 32970K, committed 33408K, reserved 1081344K
  class space    used 4097K, committed 4352K, reserved 1048576K
}
Event: 4.955 GC heap after
{Heap after GC invocations=9 (full 0):
 garbage-first heap   total 49152K, used 15247K [0x00000000c4e00000, 0x0000000100000000)
  region size 1024K, 3 young (3072K), 3 survivors (3072K)
 Metaspace       used 32970K, committed 33408K, reserved 1081344K
  class space    used 4097K, committed 4352K, reserved 1048576K
}
Event: 5.572 GC heap before
{Heap before GC invocations=9 (full 0):
 garbage-first heap   total 49152K, used 31631K [0x00000000c4e00000, 0x0000000100000000)
  region size 1024K, 20 young (20480K), 3 survivors (3072K)
 Metaspace       used 35999K, committed 36416K, reserved 1081344K
  class space    used 4548K, committed 4736K, reserved 1048576K
}
Event: 5.582 GC heap after
{Heap after GC invocations=10 (full 0):
 garbage-first heap   total 49152K, used 16843K [0x00000000c4e00000, 0x0000000100000000)
  region size 1024K, 3 young (3072K), 3 survivors (3072K)
 Metaspace       used 35999K, committed 36416K, reserved 1081344K
  class space    used 4548K, committed 4736K, reserved 1048576K
}
Event: 6.128 GC heap before
{Heap before GC invocations=11 (full 0):
 garbage-first heap   total 49152K, used 36299K [0x00000000c4e00000, 0x0000000100000000)
  region size 1024K, 22 young (22528K), 3 survivors (3072K)
 Metaspace       used 39491K, committed 39936K, reserved 1089536K
  class space    used 4997K, committed 5184K, reserved 1048576K
}
Event: 6.136 GC heap after
{Heap after GC invocations=12 (full 0):
 garbage-first heap   total 49152K, used 18357K [0x00000000c4e00000, 0x0000000100000000)
  region size 1024K, 2 young (2048K), 2 survivors (2048K)
 Metaspace       used 39491K, committed 39936K, reserved 1089536K
  class space    used 4997K, committed 5184K, reserved 1048576K
}
Event: 6.761 GC heap before
{Heap before GC invocations=12 (full 0):
 garbage-first heap   total 49152K, used 36789K [0x00000000c4e00000, 0x0000000100000000)
  region size 1024K, 20 young (20480K), 2 survivors (2048K)
 Metaspace       used 44012K, committed 44480K, reserved 1089536K
  class space    used 5746K, committed 5952K, reserved 1048576K
}
Event: 6.765 GC heap after
{Heap after GC invocations=13 (full 0):
 garbage-first heap   total 49152K, used 19113K [0x00000000c4e00000, 0x0000000100000000)
  region size 1024K, 3 young (3072K), 3 survivors (3072K)
 Metaspace       used 44012K, committed 44480K, reserved 1089536K
  class space    used 5746K, committed 5952K, reserved 1048576K
}
Event: 7.621 GC heap before
{Heap before GC invocations=13 (full 0):
 garbage-first heap   total 49152K, used 36521K [0x00000000c4e00000, 0x0000000100000000)
  region size 1024K, 21 young (21504K), 3 survivors (3072K)
 Metaspace       used 50456K, committed 50944K, reserved 1097728K
  class space    used 6537K, committed 6784K, reserved 1048576K
}
Event: 7.627 GC heap after
{Heap after GC invocations=14 (full 0):
 garbage-first heap   total 49152K, used 20135K [0x00000000c4e00000, 0x0000000100000000)
  region size 1024K, 2 young (2048K), 2 survivors (2048K)
 Metaspace       used 50456K, committed 50944K, reserved 1097728K
  class space    used 6537K, committed 6784K, reserved 1048576K
}
Event: 8.136 GC heap before
{Heap before GC invocations=14 (full 0):
 garbage-first heap   total 49152K, used 36519K [0x00000000c4e00000, 0x0000000100000000)
  region size 1024K, 19 young (19456K), 2 survivors (2048K)
 Metaspace       used 54034K, committed 54528K, reserved 1097728K
  class space    used 7069K, committed 7296K, reserved 1048576K
}
Event: 8.143 GC heap after
{Heap after GC invocations=15 (full 0):
 garbage-first heap   total 49152K, used 21452K [0x00000000c4e00000, 0x0000000100000000)
  region size 1024K, 3 young (3072K), 3 survivors (3072K)
 Metaspace       used 54034K, committed 54528K, reserved 1097728K
  class space    used 7069K, committed 7296K, reserved 1048576K
}

